Terminals unused in grammar

   WORD
   COMMENT


State 5 conflicts: 2 shift/reduce


Grammar

    0 $accept: parse $end

    1 parse: lines

    2 lines: lines line
    3      | line

    4 line: PRINT expression SEMICOLON
    5     | CREATEOBJECTINIT lines CREATEOBJECTEND
    6     | CREATEOBJECTINIT CREATEOBJECTEND
    7     | VARIABLE ADD line SEMICOLON
    8     | VARIABLE RM line SEMICOLON
    9     | VARIABLE EQUALS lines SEMICOLON
   10     | CREATEOBJECTINIT argument BAR expression SEMICOLON RPAREN
   11     | atom_expression
   12     | VARIABLE VARIABLE SEMICOLON
   13     | expression

   14 argument: %empty
   15         | ARGS

   16 atom_expression: VARIABLE SEMICOLON
   17                | VARIABLE EQUALSMUTAL expression SEMICOLON
   18                | VARIABLE SET expression SEMICOLON
   19                | ARGS

   20 expression: expression PLUS inner1
   21           | expression MINUS inner1
   22           | inner1

   23 inner1: inner1 ASTERISK inner2
   24       | inner1 FSLASH inner2
   25       | inner2

   26 inner2: VARIABLE
   27       | NUMBER
   28       | LPAREN expression RPAREN


Terminals, with rules where they appear

$end (0) 0
error (256)
PLUS (258) 20
MINUS (259) 21
ASTERISK (260) 23
FSLASH (261) 24
EQUALS (262) 9
PRINT (263) 4
LPAREN (264) 28
RPAREN (265) 10 28
SEMICOLON (266) 4 7 8 9 10 12 16 17 18
EQUALSMUTAL (267) 17
SET (268) 18
BAR (269) 10
ADD (270) 7
RM (271) 8
CREATEOBJECTINIT (272) 5 6 10
CREATEOBJECTEND (273) 5 6
ARGS (274) 15 19
WORD (275)
COMMENT (276)
VARIABLE (277) 7 8 9 12 16 17 18 26
NUMBER (278) 27


Nonterminals, with rules where they appear

$accept (24)
    on left: 0
parse (25)
    on left: 1, on right: 0
lines (26)
    on left: 2 3, on right: 1 2 5 9
line (27)
    on left: 4 5 6 7 8 9 10 11 12 13, on right: 2 3 7 8
argument (28)
    on left: 14 15, on right: 10
atom_expression (29)
    on left: 16 17 18 19, on right: 11
expression (30)
    on left: 20 21 22, on right: 4 10 13 17 18 20 21 28
inner1 (31)
    on left: 23 24 25, on right: 20 21 22 23 24
inner2 (32)
    on left: 26 27 28, on right: 23 24 25


State 0

    0 $accept: . parse $end

    PRINT             shift, and go to state 1
    LPAREN            shift, and go to state 2
    CREATEOBJECTINIT  shift, and go to state 3
    ARGS              shift, and go to state 4
    VARIABLE          shift, and go to state 5
    NUMBER            shift, and go to state 6

    parse            go to state 7
    lines            go to state 8
    line             go to state 9
    atom_expression  go to state 10
    expression       go to state 11
    inner1           go to state 12
    inner2           go to state 13


State 1

    4 line: PRINT . expression SEMICOLON

    LPAREN    shift, and go to state 2
    VARIABLE  shift, and go to state 14
    NUMBER    shift, and go to state 6

    expression  go to state 15
    inner1      go to state 12
    inner2      go to state 13


State 2

   28 inner2: LPAREN . expression RPAREN

    LPAREN    shift, and go to state 2
    VARIABLE  shift, and go to state 14
    NUMBER    shift, and go to state 6

    expression  go to state 16
    inner1      go to state 12
    inner2      go to state 13


State 3

    5 line: CREATEOBJECTINIT . lines CREATEOBJECTEND
    6     | CREATEOBJECTINIT . CREATEOBJECTEND
   10     | CREATEOBJECTINIT . argument BAR expression SEMICOLON RPAREN

    PRINT             shift, and go to state 1
    LPAREN            shift, and go to state 2
    CREATEOBJECTINIT  shift, and go to state 3
    CREATEOBJECTEND   shift, and go to state 17
    ARGS              shift, and go to state 18
    VARIABLE          shift, and go to state 5
    NUMBER            shift, and go to state 6

    $default  reduce using rule 14 (argument)

    lines            go to state 19
    line             go to state 9
    argument         go to state 20
    atom_expression  go to state 10
    expression       go to state 11
    inner1           go to state 12
    inner2           go to state 13


State 4

   19 atom_expression: ARGS .

    $default  reduce using rule 19 (atom_expression)


State 5

    7 line: VARIABLE . ADD line SEMICOLON
    8     | VARIABLE . RM line SEMICOLON
    9     | VARIABLE . EQUALS lines SEMICOLON
   12     | VARIABLE . VARIABLE SEMICOLON
   16 atom_expression: VARIABLE . SEMICOLON
   17                | VARIABLE . EQUALSMUTAL expression SEMICOLON
   18                | VARIABLE . SET expression SEMICOLON
   26 inner2: VARIABLE .

    EQUALS       shift, and go to state 21
    SEMICOLON    shift, and go to state 22
    EQUALSMUTAL  shift, and go to state 23
    SET          shift, and go to state 24
    ADD          shift, and go to state 25
    RM           shift, and go to state 26
    VARIABLE     shift, and go to state 27

    SEMICOLON  [reduce using rule 26 (inner2)]
    VARIABLE   [reduce using rule 26 (inner2)]
    $default   reduce using rule 26 (inner2)


State 6

   27 inner2: NUMBER .

    $default  reduce using rule 27 (inner2)


State 7

    0 $accept: parse . $end

    $end  shift, and go to state 28


State 8

    1 parse: lines .
    2 lines: lines . line

    PRINT             shift, and go to state 1
    LPAREN            shift, and go to state 2
    CREATEOBJECTINIT  shift, and go to state 3
    ARGS              shift, and go to state 4
    VARIABLE          shift, and go to state 5
    NUMBER            shift, and go to state 6

    $default  reduce using rule 1 (parse)

    line             go to state 29
    atom_expression  go to state 10
    expression       go to state 11
    inner1           go to state 12
    inner2           go to state 13


State 9

    3 lines: line .

    $default  reduce using rule 3 (lines)


State 10

   11 line: atom_expression .

    $default  reduce using rule 11 (line)


State 11

   13 line: expression .
   20 expression: expression . PLUS inner1
   21           | expression . MINUS inner1

    PLUS   shift, and go to state 30
    MINUS  shift, and go to state 31

    $default  reduce using rule 13 (line)


State 12

   22 expression: inner1 .
   23 inner1: inner1 . ASTERISK inner2
   24       | inner1 . FSLASH inner2

    ASTERISK  shift, and go to state 32
    FSLASH    shift, and go to state 33

    $default  reduce using rule 22 (expression)


State 13

   25 inner1: inner2 .

    $default  reduce using rule 25 (inner1)


State 14

   26 inner2: VARIABLE .

    $default  reduce using rule 26 (inner2)


State 15

    4 line: PRINT expression . SEMICOLON
   20 expression: expression . PLUS inner1
   21           | expression . MINUS inner1

    PLUS       shift, and go to state 30
    MINUS      shift, and go to state 31
    SEMICOLON  shift, and go to state 34


State 16

   20 expression: expression . PLUS inner1
   21           | expression . MINUS inner1
   28 inner2: LPAREN expression . RPAREN

    PLUS    shift, and go to state 30
    MINUS   shift, and go to state 31
    RPAREN  shift, and go to state 35


State 17

    6 line: CREATEOBJECTINIT CREATEOBJECTEND .

    $default  reduce using rule 6 (line)


State 18

   15 argument: ARGS .
   19 atom_expression: ARGS .

    BAR       reduce using rule 15 (argument)
    $default  reduce using rule 19 (atom_expression)


State 19

    2 lines: lines . line
    5 line: CREATEOBJECTINIT lines . CREATEOBJECTEND

    PRINT             shift, and go to state 1
    LPAREN            shift, and go to state 2
    CREATEOBJECTINIT  shift, and go to state 3
    CREATEOBJECTEND   shift, and go to state 36
    ARGS              shift, and go to state 4
    VARIABLE          shift, and go to state 5
    NUMBER            shift, and go to state 6

    line             go to state 29
    atom_expression  go to state 10
    expression       go to state 11
    inner1           go to state 12
    inner2           go to state 13


State 20

   10 line: CREATEOBJECTINIT argument . BAR expression SEMICOLON RPAREN

    BAR  shift, and go to state 37


State 21

    9 line: VARIABLE EQUALS . lines SEMICOLON

    PRINT             shift, and go to state 1
    LPAREN            shift, and go to state 2
    CREATEOBJECTINIT  shift, and go to state 3
    ARGS              shift, and go to state 4
    VARIABLE          shift, and go to state 5
    NUMBER            shift, and go to state 6

    lines            go to state 38
    line             go to state 9
    atom_expression  go to state 10
    expression       go to state 11
    inner1           go to state 12
    inner2           go to state 13


State 22

   16 atom_expression: VARIABLE SEMICOLON .

    $default  reduce using rule 16 (atom_expression)


State 23

   17 atom_expression: VARIABLE EQUALSMUTAL . expression SEMICOLON

    LPAREN    shift, and go to state 2
    VARIABLE  shift, and go to state 14
    NUMBER    shift, and go to state 6

    expression  go to state 39
    inner1      go to state 12
    inner2      go to state 13


State 24

   18 atom_expression: VARIABLE SET . expression SEMICOLON

    LPAREN    shift, and go to state 2
    VARIABLE  shift, and go to state 14
    NUMBER    shift, and go to state 6

    expression  go to state 40
    inner1      go to state 12
    inner2      go to state 13


State 25

    7 line: VARIABLE ADD . line SEMICOLON

    PRINT             shift, and go to state 1
    LPAREN            shift, and go to state 2
    CREATEOBJECTINIT  shift, and go to state 3
    ARGS              shift, and go to state 4
    VARIABLE          shift, and go to state 5
    NUMBER            shift, and go to state 6

    line             go to state 41
    atom_expression  go to state 10
    expression       go to state 11
    inner1           go to state 12
    inner2           go to state 13


State 26

    8 line: VARIABLE RM . line SEMICOLON

    PRINT             shift, and go to state 1
    LPAREN            shift, and go to state 2
    CREATEOBJECTINIT  shift, and go to state 3
    ARGS              shift, and go to state 4
    VARIABLE          shift, and go to state 5
    NUMBER            shift, and go to state 6

    line             go to state 42
    atom_expression  go to state 10
    expression       go to state 11
    inner1           go to state 12
    inner2           go to state 13


State 27

   12 line: VARIABLE VARIABLE . SEMICOLON

    SEMICOLON  shift, and go to state 43


State 28

    0 $accept: parse $end .

    $default  accept


State 29

    2 lines: lines line .

    $default  reduce using rule 2 (lines)


State 30

   20 expression: expression PLUS . inner1

    LPAREN    shift, and go to state 2
    VARIABLE  shift, and go to state 14
    NUMBER    shift, and go to state 6

    inner1  go to state 44
    inner2  go to state 13


State 31

   21 expression: expression MINUS . inner1

    LPAREN    shift, and go to state 2
    VARIABLE  shift, and go to state 14
    NUMBER    shift, and go to state 6

    inner1  go to state 45
    inner2  go to state 13


State 32

   23 inner1: inner1 ASTERISK . inner2

    LPAREN    shift, and go to state 2
    VARIABLE  shift, and go to state 14
    NUMBER    shift, and go to state 6

    inner2  go to state 46


State 33

   24 inner1: inner1 FSLASH . inner2

    LPAREN    shift, and go to state 2
    VARIABLE  shift, and go to state 14
    NUMBER    shift, and go to state 6

    inner2  go to state 47


State 34

    4 line: PRINT expression SEMICOLON .

    $default  reduce using rule 4 (line)


State 35

   28 inner2: LPAREN expression RPAREN .

    $default  reduce using rule 28 (inner2)


State 36

    5 line: CREATEOBJECTINIT lines CREATEOBJECTEND .

    $default  reduce using rule 5 (line)


State 37

   10 line: CREATEOBJECTINIT argument BAR . expression SEMICOLON RPAREN

    LPAREN    shift, and go to state 2
    VARIABLE  shift, and go to state 14
    NUMBER    shift, and go to state 6

    expression  go to state 48
    inner1      go to state 12
    inner2      go to state 13


State 38

    2 lines: lines . line
    9 line: VARIABLE EQUALS lines . SEMICOLON

    PRINT             shift, and go to state 1
    LPAREN            shift, and go to state 2
    SEMICOLON         shift, and go to state 49
    CREATEOBJECTINIT  shift, and go to state 3
    ARGS              shift, and go to state 4
    VARIABLE          shift, and go to state 5
    NUMBER            shift, and go to state 6

    line             go to state 29
    atom_expression  go to state 10
    expression       go to state 11
    inner1           go to state 12
    inner2           go to state 13


State 39

   17 atom_expression: VARIABLE EQUALSMUTAL expression . SEMICOLON
   20 expression: expression . PLUS inner1
   21           | expression . MINUS inner1

    PLUS       shift, and go to state 30
    MINUS      shift, and go to state 31
    SEMICOLON  shift, and go to state 50


State 40

   18 atom_expression: VARIABLE SET expression . SEMICOLON
   20 expression: expression . PLUS inner1
   21           | expression . MINUS inner1

    PLUS       shift, and go to state 30
    MINUS      shift, and go to state 31
    SEMICOLON  shift, and go to state 51


State 41

    7 line: VARIABLE ADD line . SEMICOLON

    SEMICOLON  shift, and go to state 52


State 42

    8 line: VARIABLE RM line . SEMICOLON

    SEMICOLON  shift, and go to state 53


State 43

   12 line: VARIABLE VARIABLE SEMICOLON .

    $default  reduce using rule 12 (line)


State 44

   20 expression: expression PLUS inner1 .
   23 inner1: inner1 . ASTERISK inner2
   24       | inner1 . FSLASH inner2

    ASTERISK  shift, and go to state 32
    FSLASH    shift, and go to state 33

    $default  reduce using rule 20 (expression)


State 45

   21 expression: expression MINUS inner1 .
   23 inner1: inner1 . ASTERISK inner2
   24       | inner1 . FSLASH inner2

    ASTERISK  shift, and go to state 32
    FSLASH    shift, and go to state 33

    $default  reduce using rule 21 (expression)


State 46

   23 inner1: inner1 ASTERISK inner2 .

    $default  reduce using rule 23 (inner1)


State 47

   24 inner1: inner1 FSLASH inner2 .

    $default  reduce using rule 24 (inner1)


State 48

   10 line: CREATEOBJECTINIT argument BAR expression . SEMICOLON RPAREN
   20 expression: expression . PLUS inner1
   21           | expression . MINUS inner1

    PLUS       shift, and go to state 30
    MINUS      shift, and go to state 31
    SEMICOLON  shift, and go to state 54


State 49

    9 line: VARIABLE EQUALS lines SEMICOLON .

    $default  reduce using rule 9 (line)


State 50

   17 atom_expression: VARIABLE EQUALSMUTAL expression SEMICOLON .

    $default  reduce using rule 17 (atom_expression)


State 51

   18 atom_expression: VARIABLE SET expression SEMICOLON .

    $default  reduce using rule 18 (atom_expression)


State 52

    7 line: VARIABLE ADD line SEMICOLON .

    $default  reduce using rule 7 (line)


State 53

    8 line: VARIABLE RM line SEMICOLON .

    $default  reduce using rule 8 (line)


State 54

   10 line: CREATEOBJECTINIT argument BAR expression SEMICOLON . RPAREN

    RPAREN  shift, and go to state 55


State 55

   10 line: CREATEOBJECTINIT argument BAR expression SEMICOLON RPAREN .

    $default  reduce using rule 10 (line)
